<?xml version="1.0" encoding="UTF-8"?>
<testsuite xmlns:xsi="http://www.w3.org/2001/XMLSchema-instance" xsi:noNamespaceSchemaLocation="https://maven.apache.org/surefire/maven-surefire-plugin/xsd/surefire-test-report.xsd" version="3.0.2" name="TestSuite" time="47.084" tests="8" errors="0" skipped="0" failures="0">
  <properties>
    <property name="java.specification.version" value="23"/>
    <property name="sun.cpu.isalist" value="amd64"/>
    <property name="sun.jnu.encoding" value="Cp1252"/>
    <property name="sun.awt.enableExtraMouseButtons" value="true"/>
    <property name="java.class.path" value="D:\Study\Eclipse\Eclipse\eclipse-workspace\OpencartV1.0\target\test-classes;D:\Study\Eclipse\Eclipse\eclipse-workspace\OpencartV1.0\target\classes;C:\Users\Namitha George\.m2\repository\org\seleniumhq\selenium\selenium-java\4.25.0\selenium-java-4.25.0.jar;C:\Users\Namitha George\.m2\repository\org\seleniumhq\selenium\selenium-api\4.25.0\selenium-api-4.25.0.jar;C:\Users\Namitha George\.m2\repository\org\jspecify\jspecify\1.0.0\jspecify-1.0.0.jar;C:\Users\Namitha George\.m2\repository\org\seleniumhq\selenium\selenium-chrome-driver\4.25.0\selenium-chrome-driver-4.25.0.jar;C:\Users\Namitha George\.m2\repository\com\google\auto\service\auto-service-annotations\1.1.1\auto-service-annotations-1.1.1.jar;C:\Users\Namitha George\.m2\repository\org\seleniumhq\selenium\selenium-chromium-driver\4.25.0\selenium-chromium-driver-4.25.0.jar;C:\Users\Namitha George\.m2\repository\org\seleniumhq\selenium\selenium-json\4.25.0\selenium-json-4.25.0.jar;C:\Users\Namitha George\.m2\repository\org\seleniumhq\selenium\selenium-manager\4.25.0\selenium-manager-4.25.0.jar;C:\Users\Namitha George\.m2\repository\org\seleniumhq\selenium\selenium-devtools-v127\4.25.0\selenium-devtools-v127-4.25.0.jar;C:\Users\Namitha George\.m2\repository\org\seleniumhq\selenium\selenium-devtools-v128\4.25.0\selenium-devtools-v128-4.25.0.jar;C:\Users\Namitha George\.m2\repository\org\seleniumhq\selenium\selenium-devtools-v129\4.25.0\selenium-devtools-v129-4.25.0.jar;C:\Users\Namitha George\.m2\repository\org\seleniumhq\selenium\selenium-devtools-v85\4.25.0\selenium-devtools-v85-4.25.0.jar;C:\Users\Namitha George\.m2\repository\org\seleniumhq\selenium\selenium-edge-driver\4.25.0\selenium-edge-driver-4.25.0.jar;C:\Users\Namitha George\.m2\repository\org\seleniumhq\selenium\selenium-firefox-driver\4.25.0\selenium-firefox-driver-4.25.0.jar;C:\Users\Namitha George\.m2\repository\org\seleniumhq\selenium\selenium-http\4.25.0\selenium-http-4.25.0.jar;C:\Users\Namitha George\.m2\repository\dev\failsafe\failsafe\3.3.2\failsafe-3.3.2.jar;C:\Users\Namitha George\.m2\repository\org\seleniumhq\selenium\selenium-ie-driver\4.25.0\selenium-ie-driver-4.25.0.jar;C:\Users\Namitha George\.m2\repository\org\seleniumhq\selenium\selenium-remote-driver\4.25.0\selenium-remote-driver-4.25.0.jar;C:\Users\Namitha George\.m2\repository\com\google\guava\guava\33.3.0-jre\guava-33.3.0-jre.jar;C:\Users\Namitha George\.m2\repository\com\google\guava\failureaccess\1.0.2\failureaccess-1.0.2.jar;C:\Users\Namitha George\.m2\repository\com\google\guava\listenablefuture\9999.0-empty-to-avoid-conflict-with-guava\listenablefuture-9999.0-empty-to-avoid-conflict-with-guava.jar;C:\Users\Namitha George\.m2\repository\com\google\code\findbugs\jsr305\3.0.2\jsr305-3.0.2.jar;C:\Users\Namitha George\.m2\repository\org\checkerframework\checker-qual\3.43.0\checker-qual-3.43.0.jar;C:\Users\Namitha George\.m2\repository\com\google\errorprone\error_prone_annotations\2.28.0\error_prone_annotations-2.28.0.jar;C:\Users\Namitha George\.m2\repository\com\google\j2objc\j2objc-annotations\3.0.0\j2objc-annotations-3.0.0.jar;C:\Users\Namitha George\.m2\repository\io\opentelemetry\semconv\opentelemetry-semconv\1.25.0-alpha\opentelemetry-semconv-1.25.0-alpha.jar;C:\Users\Namitha George\.m2\repository\io\opentelemetry\opentelemetry-api\1.42.1\opentelemetry-api-1.42.1.jar;C:\Users\Namitha George\.m2\repository\io\opentelemetry\opentelemetry-context\1.42.1\opentelemetry-context-1.42.1.jar;C:\Users\Namitha George\.m2\repository\io\opentelemetry\opentelemetry-exporter-logging\1.42.1\opentelemetry-exporter-logging-1.42.1.jar;C:\Users\Namitha George\.m2\repository\io\opentelemetry\opentelemetry-sdk-common\1.42.1\opentelemetry-sdk-common-1.42.1.jar;C:\Users\Namitha George\.m2\repository\io\opentelemetry\opentelemetry-sdk-extension-autoconfigure-spi\1.42.1\opentelemetry-sdk-extension-autoconfigure-spi-1.42.1.jar;C:\Users\Namitha George\.m2\repository\io\opentelemetry\opentelemetry-sdk-extension-autoconfigure\1.42.1\opentelemetry-sdk-extension-autoconfigure-1.42.1.jar;C:\Users\Namitha George\.m2\repository\io\opentelemetry\opentelemetry-api-incubator\1.42.1-alpha\opentelemetry-api-incubator-1.42.1-alpha.jar;C:\Users\Namitha George\.m2\repository\io\opentelemetry\opentelemetry-sdk-trace\1.42.1\opentelemetry-sdk-trace-1.42.1.jar;C:\Users\Namitha George\.m2\repository\io\opentelemetry\opentelemetry-sdk\1.42.1\opentelemetry-sdk-1.42.1.jar;C:\Users\Namitha George\.m2\repository\io\opentelemetry\opentelemetry-sdk-metrics\1.42.1\opentelemetry-sdk-metrics-1.42.1.jar;C:\Users\Namitha George\.m2\repository\io\opentelemetry\opentelemetry-sdk-logs\1.42.1\opentelemetry-sdk-logs-1.42.1.jar;C:\Users\Namitha George\.m2\repository\net\bytebuddy\byte-buddy\1.15.1\byte-buddy-1.15.1.jar;C:\Users\Namitha George\.m2\repository\org\seleniumhq\selenium\selenium-os\4.25.0\selenium-os-4.25.0.jar;C:\Users\Namitha George\.m2\repository\org\apache\commons\commons-exec\1.4.0\commons-exec-1.4.0.jar;C:\Users\Namitha George\.m2\repository\org\seleniumhq\selenium\selenium-safari-driver\4.25.0\selenium-safari-driver-4.25.0.jar;C:\Users\Namitha George\.m2\repository\org\seleniumhq\selenium\selenium-support\4.25.0\selenium-support-4.25.0.jar;C:\Users\Namitha George\.m2\repository\org\apache\poi\poi\5.3.0\poi-5.3.0.jar;C:\Users\Namitha George\.m2\repository\commons-codec\commons-codec\1.17.0\commons-codec-1.17.0.jar;C:\Users\Namitha George\.m2\repository\org\apache\commons\commons-collections4\4.4\commons-collections4-4.4.jar;C:\Users\Namitha George\.m2\repository\org\apache\commons\commons-math3\3.6.1\commons-math3-3.6.1.jar;C:\Users\Namitha George\.m2\repository\com\zaxxer\SparseBitSet\1.3\SparseBitSet-1.3.jar;C:\Users\Namitha George\.m2\repository\org\apache\poi\poi-ooxml\5.3.0\poi-ooxml-5.3.0.jar;C:\Users\Namitha George\.m2\repository\org\apache\poi\poi-ooxml-lite\5.3.0\poi-ooxml-lite-5.3.0.jar;C:\Users\Namitha George\.m2\repository\org\apache\xmlbeans\xmlbeans\5.2.1\xmlbeans-5.2.1.jar;C:\Users\Namitha George\.m2\repository\org\apache\commons\commons-compress\1.26.2\commons-compress-1.26.2.jar;C:\Users\Namitha George\.m2\repository\com\github\virtuald\curvesapi\1.08\curvesapi-1.08.jar;C:\Users\Namitha George\.m2\repository\org\apache\logging\log4j\log4j-core\2.24.1\log4j-core-2.24.1.jar;C:\Users\Namitha George\.m2\repository\org\apache\logging\log4j\log4j-api\2.24.1\log4j-api-2.24.1.jar;C:\Users\Namitha George\.m2\repository\org\apache\logging\log4j\log4j-slf4j2-impl\2.24.1\log4j-slf4j2-impl-2.24.1.jar;C:\Users\Namitha George\.m2\repository\org\slf4j\slf4j-api\2.0.16\slf4j-api-2.0.16.jar;C:\Users\Namitha George\.m2\repository\com\aventstack\extentreports\5.1.2\extentreports-5.1.2.jar;C:\Users\Namitha George\.m2\repository\io\reactivex\rxjava3\rxjava\3.1.6\rxjava-3.1.6.jar;C:\Users\Namitha George\.m2\repository\org\reactivestreams\reactive-streams\1.0.4\reactive-streams-1.0.4.jar;C:\Users\Namitha George\.m2\repository\org\freemarker\freemarker\2.3.32\freemarker-2.3.32.jar;C:\Users\Namitha George\.m2\repository\org\projectlombok\lombok\1.18.26\lombok-1.18.26.jar;C:\Users\Namitha George\.m2\repository\com\google\code\gson\gson\2.10.1\gson-2.10.1.jar;C:\Users\Namitha George\.m2\repository\org\testng\testng\7.10.2\testng-7.10.2.jar;C:\Users\Namitha George\.m2\repository\com\beust\jcommander\1.82\jcommander-1.82.jar;C:\Users\Namitha George\.m2\repository\org\webjars\jquery\3.7.1\jquery-3.7.1.jar;C:\Users\Namitha George\.m2\repository\commons-io\commons-io\2.17.0\commons-io-2.17.0.jar;C:\Users\Namitha George\.m2\repository\org\apache\commons\commons-lang3\3.17.0\commons-lang3-3.17.0.jar;C:\Users\Namitha George\.m2\repository\org\apache\commons\commons-text\1.12.0\commons-text-1.12.0.jar;C:\Users\Namitha George\.m2\repository\org\apache\commons\commons-email\1.6.0\commons-email-1.6.0.jar;C:\Users\Namitha George\.m2\repository\com\sun\mail\jakarta.mail\1.6.7\jakarta.mail-1.6.7.jar;C:\Users\Namitha George\.m2\repository\com\sun\activation\jakarta.activation\1.2.1\jakarta.activation-1.2.1.jar;"/>
    <property name="java.vm.vendor" value="Oracle Corporation"/>
    <property name="sun.arch.data.model" value="64"/>
    <property name="user.variant" value=""/>
    <property name="java.vendor.url" value="https://java.oracle.com/"/>
    <property name="user.timezone" value="Asia/Calcutta"/>
    <property name="os.name" value="Windows 10"/>
    <property name="java.vm.specification.version" value="23"/>
    <property name="sun.java.launcher" value="SUN_STANDARD"/>
    <property name="user.country" value="IN"/>
    <property name="sun.boot.library.path" value="C:\Program Files\Java\jdk-23\bin"/>
    <property name="sun.java.command" value="C:\Users\Namitha George\AppData\Local\Temp\surefire2883244239948314371\surefirebooter-20241108164154699_3.jar C:\Users\Namitha George\AppData\Local\Temp\surefire2883244239948314371 2024-11-08T16-41-54_543-jvmRun1 surefire-20241108164154699_1tmp surefire_0-20241108164154699_2tmp"/>
    <property name="jdk.debug" value="release"/>
    <property name="surefire.test.class.path" value="D:\Study\Eclipse\Eclipse\eclipse-workspace\OpencartV1.0\target\test-classes;D:\Study\Eclipse\Eclipse\eclipse-workspace\OpencartV1.0\target\classes;C:\Users\Namitha George\.m2\repository\org\seleniumhq\selenium\selenium-java\4.25.0\selenium-java-4.25.0.jar;C:\Users\Namitha George\.m2\repository\org\seleniumhq\selenium\selenium-api\4.25.0\selenium-api-4.25.0.jar;C:\Users\Namitha George\.m2\repository\org\jspecify\jspecify\1.0.0\jspecify-1.0.0.jar;C:\Users\Namitha George\.m2\repository\org\seleniumhq\selenium\selenium-chrome-driver\4.25.0\selenium-chrome-driver-4.25.0.jar;C:\Users\Namitha George\.m2\repository\com\google\auto\service\auto-service-annotations\1.1.1\auto-service-annotations-1.1.1.jar;C:\Users\Namitha George\.m2\repository\org\seleniumhq\selenium\selenium-chromium-driver\4.25.0\selenium-chromium-driver-4.25.0.jar;C:\Users\Namitha George\.m2\repository\org\seleniumhq\selenium\selenium-json\4.25.0\selenium-json-4.25.0.jar;C:\Users\Namitha George\.m2\repository\org\seleniumhq\selenium\selenium-manager\4.25.0\selenium-manager-4.25.0.jar;C:\Users\Namitha George\.m2\repository\org\seleniumhq\selenium\selenium-devtools-v127\4.25.0\selenium-devtools-v127-4.25.0.jar;C:\Users\Namitha George\.m2\repository\org\seleniumhq\selenium\selenium-devtools-v128\4.25.0\selenium-devtools-v128-4.25.0.jar;C:\Users\Namitha George\.m2\repository\org\seleniumhq\selenium\selenium-devtools-v129\4.25.0\selenium-devtools-v129-4.25.0.jar;C:\Users\Namitha George\.m2\repository\org\seleniumhq\selenium\selenium-devtools-v85\4.25.0\selenium-devtools-v85-4.25.0.jar;C:\Users\Namitha George\.m2\repository\org\seleniumhq\selenium\selenium-edge-driver\4.25.0\selenium-edge-driver-4.25.0.jar;C:\Users\Namitha George\.m2\repository\org\seleniumhq\selenium\selenium-firefox-driver\4.25.0\selenium-firefox-driver-4.25.0.jar;C:\Users\Namitha George\.m2\repository\org\seleniumhq\selenium\selenium-http\4.25.0\selenium-http-4.25.0.jar;C:\Users\Namitha George\.m2\repository\dev\failsafe\failsafe\3.3.2\failsafe-3.3.2.jar;C:\Users\Namitha George\.m2\repository\org\seleniumhq\selenium\selenium-ie-driver\4.25.0\selenium-ie-driver-4.25.0.jar;C:\Users\Namitha George\.m2\repository\org\seleniumhq\selenium\selenium-remote-driver\4.25.0\selenium-remote-driver-4.25.0.jar;C:\Users\Namitha George\.m2\repository\com\google\guava\guava\33.3.0-jre\guava-33.3.0-jre.jar;C:\Users\Namitha George\.m2\repository\com\google\guava\failureaccess\1.0.2\failureaccess-1.0.2.jar;C:\Users\Namitha George\.m2\repository\com\google\guava\listenablefuture\9999.0-empty-to-avoid-conflict-with-guava\listenablefuture-9999.0-empty-to-avoid-conflict-with-guava.jar;C:\Users\Namitha George\.m2\repository\com\google\code\findbugs\jsr305\3.0.2\jsr305-3.0.2.jar;C:\Users\Namitha George\.m2\repository\org\checkerframework\checker-qual\3.43.0\checker-qual-3.43.0.jar;C:\Users\Namitha George\.m2\repository\com\google\errorprone\error_prone_annotations\2.28.0\error_prone_annotations-2.28.0.jar;C:\Users\Namitha George\.m2\repository\com\google\j2objc\j2objc-annotations\3.0.0\j2objc-annotations-3.0.0.jar;C:\Users\Namitha George\.m2\repository\io\opentelemetry\semconv\opentelemetry-semconv\1.25.0-alpha\opentelemetry-semconv-1.25.0-alpha.jar;C:\Users\Namitha George\.m2\repository\io\opentelemetry\opentelemetry-api\1.42.1\opentelemetry-api-1.42.1.jar;C:\Users\Namitha George\.m2\repository\io\opentelemetry\opentelemetry-context\1.42.1\opentelemetry-context-1.42.1.jar;C:\Users\Namitha George\.m2\repository\io\opentelemetry\opentelemetry-exporter-logging\1.42.1\opentelemetry-exporter-logging-1.42.1.jar;C:\Users\Namitha George\.m2\repository\io\opentelemetry\opentelemetry-sdk-common\1.42.1\opentelemetry-sdk-common-1.42.1.jar;C:\Users\Namitha George\.m2\repository\io\opentelemetry\opentelemetry-sdk-extension-autoconfigure-spi\1.42.1\opentelemetry-sdk-extension-autoconfigure-spi-1.42.1.jar;C:\Users\Namitha George\.m2\repository\io\opentelemetry\opentelemetry-sdk-extension-autoconfigure\1.42.1\opentelemetry-sdk-extension-autoconfigure-1.42.1.jar;C:\Users\Namitha George\.m2\repository\io\opentelemetry\opentelemetry-api-incubator\1.42.1-alpha\opentelemetry-api-incubator-1.42.1-alpha.jar;C:\Users\Namitha George\.m2\repository\io\opentelemetry\opentelemetry-sdk-trace\1.42.1\opentelemetry-sdk-trace-1.42.1.jar;C:\Users\Namitha George\.m2\repository\io\opentelemetry\opentelemetry-sdk\1.42.1\opentelemetry-sdk-1.42.1.jar;C:\Users\Namitha George\.m2\repository\io\opentelemetry\opentelemetry-sdk-metrics\1.42.1\opentelemetry-sdk-metrics-1.42.1.jar;C:\Users\Namitha George\.m2\repository\io\opentelemetry\opentelemetry-sdk-logs\1.42.1\opentelemetry-sdk-logs-1.42.1.jar;C:\Users\Namitha George\.m2\repository\net\bytebuddy\byte-buddy\1.15.1\byte-buddy-1.15.1.jar;C:\Users\Namitha George\.m2\repository\org\seleniumhq\selenium\selenium-os\4.25.0\selenium-os-4.25.0.jar;C:\Users\Namitha George\.m2\repository\org\apache\commons\commons-exec\1.4.0\commons-exec-1.4.0.jar;C:\Users\Namitha George\.m2\repository\org\seleniumhq\selenium\selenium-safari-driver\4.25.0\selenium-safari-driver-4.25.0.jar;C:\Users\Namitha George\.m2\repository\org\seleniumhq\selenium\selenium-support\4.25.0\selenium-support-4.25.0.jar;C:\Users\Namitha George\.m2\repository\org\apache\poi\poi\5.3.0\poi-5.3.0.jar;C:\Users\Namitha George\.m2\repository\commons-codec\commons-codec\1.17.0\commons-codec-1.17.0.jar;C:\Users\Namitha George\.m2\repository\org\apache\commons\commons-collections4\4.4\commons-collections4-4.4.jar;C:\Users\Namitha George\.m2\repository\org\apache\commons\commons-math3\3.6.1\commons-math3-3.6.1.jar;C:\Users\Namitha George\.m2\repository\com\zaxxer\SparseBitSet\1.3\SparseBitSet-1.3.jar;C:\Users\Namitha George\.m2\repository\org\apache\poi\poi-ooxml\5.3.0\poi-ooxml-5.3.0.jar;C:\Users\Namitha George\.m2\repository\org\apache\poi\poi-ooxml-lite\5.3.0\poi-ooxml-lite-5.3.0.jar;C:\Users\Namitha George\.m2\repository\org\apache\xmlbeans\xmlbeans\5.2.1\xmlbeans-5.2.1.jar;C:\Users\Namitha George\.m2\repository\org\apache\commons\commons-compress\1.26.2\commons-compress-1.26.2.jar;C:\Users\Namitha George\.m2\repository\com\github\virtuald\curvesapi\1.08\curvesapi-1.08.jar;C:\Users\Namitha George\.m2\repository\org\apache\logging\log4j\log4j-core\2.24.1\log4j-core-2.24.1.jar;C:\Users\Namitha George\.m2\repository\org\apache\logging\log4j\log4j-api\2.24.1\log4j-api-2.24.1.jar;C:\Users\Namitha George\.m2\repository\org\apache\logging\log4j\log4j-slf4j2-impl\2.24.1\log4j-slf4j2-impl-2.24.1.jar;C:\Users\Namitha George\.m2\repository\org\slf4j\slf4j-api\2.0.16\slf4j-api-2.0.16.jar;C:\Users\Namitha George\.m2\repository\com\aventstack\extentreports\5.1.2\extentreports-5.1.2.jar;C:\Users\Namitha George\.m2\repository\io\reactivex\rxjava3\rxjava\3.1.6\rxjava-3.1.6.jar;C:\Users\Namitha George\.m2\repository\org\reactivestreams\reactive-streams\1.0.4\reactive-streams-1.0.4.jar;C:\Users\Namitha George\.m2\repository\org\freemarker\freemarker\2.3.32\freemarker-2.3.32.jar;C:\Users\Namitha George\.m2\repository\org\projectlombok\lombok\1.18.26\lombok-1.18.26.jar;C:\Users\Namitha George\.m2\repository\com\google\code\gson\gson\2.10.1\gson-2.10.1.jar;C:\Users\Namitha George\.m2\repository\org\testng\testng\7.10.2\testng-7.10.2.jar;C:\Users\Namitha George\.m2\repository\com\beust\jcommander\1.82\jcommander-1.82.jar;C:\Users\Namitha George\.m2\repository\org\webjars\jquery\3.7.1\jquery-3.7.1.jar;C:\Users\Namitha George\.m2\repository\commons-io\commons-io\2.17.0\commons-io-2.17.0.jar;C:\Users\Namitha George\.m2\repository\org\apache\commons\commons-lang3\3.17.0\commons-lang3-3.17.0.jar;C:\Users\Namitha George\.m2\repository\org\apache\commons\commons-text\1.12.0\commons-text-1.12.0.jar;C:\Users\Namitha George\.m2\repository\org\apache\commons\commons-email\1.6.0\commons-email-1.6.0.jar;C:\Users\Namitha George\.m2\repository\com\sun\mail\jakarta.mail\1.6.7\jakarta.mail-1.6.7.jar;C:\Users\Namitha George\.m2\repository\com\sun\activation\jakarta.activation\1.2.1\jakarta.activation-1.2.1.jar;"/>
    <property name="sun.cpu.endian" value="little"/>
    <property name="user.home" value="C:\Users\Namitha George"/>
    <property name="user.language" value="en"/>
    <property name="java.specification.vendor" value="Oracle Corporation"/>
    <property name="java.version.date" value="2024-09-17"/>
    <property name="java.home" value="C:\Program Files\Java\jdk-23"/>
    <property name="file.separator" value="\"/>
    <property name="basedir" value="D:\Study\Eclipse\Eclipse\eclipse-workspace\OpencartV1.0"/>
    <property name="java.vm.compressedOopsMode" value="32-bit"/>
    <property name="line.separator" value="&#10;"/>
    <property name="java.vm.specification.vendor" value="Oracle Corporation"/>
    <property name="java.specification.name" value="Java Platform API Specification"/>
    <property name="surefire.real.class.path" value="C:\Users\Namitha George\AppData\Local\Temp\surefire2883244239948314371\surefirebooter-20241108164154699_3.jar"/>
    <property name="user.script" value=""/>
    <property name="sun.management.compiler" value="HotSpot 64-Bit Tiered Compilers"/>
    <property name="java.runtime.version" value="23+37-2369"/>
    <property name="user.name" value="Namitha George"/>
    <property name="stdout.encoding" value="Cp1252"/>
    <property name="path.separator" value=";"/>
    <property name="os.version" value="10.0"/>
    <property name="java.runtime.name" value="Java(TM) SE Runtime Environment"/>
    <property name="file.encoding" value="UTF-8"/>
    <property name="java.vm.name" value="Java HotSpot(TM) 64-Bit Server VM"/>
    <property name="localRepository" value="C:\Users\Namitha George\.m2\repository"/>
    <property name="java.vendor.url.bug" value="https://bugreport.java.com/bugreport/"/>
    <property name="java.io.tmpdir" value="C:\Users\NAMITH~1\AppData\Local\Temp\"/>
    <property name="java.version" value="23"/>
    <property name="user.dir" value="D:\Study\Eclipse\Eclipse\eclipse-workspace\OpencartV1.0"/>
    <property name="os.arch" value="amd64"/>
    <property name="java.vm.specification.name" value="Java Virtual Machine Specification"/>
    <property name="sun.os.patch.level" value=""/>
    <property name="native.encoding" value="Cp1252"/>
    <property name="java.library.path" value="C:\Program Files\Java\jdk-23\bin;C:\Windows\Sun\Java\bin;C:\Windows\system32;C:\Windows;C:\Program Files (x86)\Intel\iCLS Client\;C:\Program Files\Intel\iCLS Client\;C:\Windows\system32;C:\Windows;C:\Windows\System32\Wbem;C:\Windows\System32\WindowsPowerShell\v1.0\;C:\Windows\System32\OpenSSH\;C:\Program Files (x86)\Intel\Intel(R) Management Engine Components\DAL;C:\Program Files\Intel\Intel(R) Management Engine Components\DAL;C:\Program Files (x86)\Intel\Intel(R) Management Engine Components\IPT;C:\Program Files\Intel\Intel(R) Management Engine Components\IPT;C:\Program Files\Java\jdk-23\bin;C:\Program Files\Common Files\Oracle\Java;C:\Program Files\Maven\apache-maven-3.9.9\bin;C:\Program Files\Maven\apache-maven-3.9.9\bin;C:\Users\Namitha George\AppData\Local\Microsoft\WindowsApps;;."/>
    <property name="java.vm.info" value="mixed mode, sharing"/>
    <property name="stderr.encoding" value="Cp1252"/>
    <property name="java.vendor" value="Oracle Corporation"/>
    <property name="java.vm.version" value="23+37-2369"/>
    <property name="sun.io.unicode.encoding" value="UnicodeLittle"/>
    <property name="java.class.version" value="67.0"/>
  </properties>
  <testcase name="verify_AccountRegistration" classname="testCases.AccountRegistrationTest" time="4.007">
    <system-out><![CDATA[2024-11-08T11:11:56.120391500Z main INFO Starting configuration XmlConfiguration[location=D:\Study\Eclipse\Eclipse\eclipse-workspace\OpencartV1.0\target\test-classes\log4j2.xml, lastModified=2024-10-29T11:40:44.990Z]...
2024-11-08T11:11:56.122385300Z main INFO Start watching for changes to D:\Study\Eclipse\Eclipse\eclipse-workspace\OpencartV1.0\target\test-classes\log4j2.xml every 0 seconds
2024-11-08T11:11:56.122385300Z main INFO Configuration XmlConfiguration[location=D:\Study\Eclipse\Eclipse\eclipse-workspace\OpencartV1.0\target\test-classes\log4j2.xml, lastModified=2024-10-29T11:40:44.990Z] started.
2024-11-08T11:11:56.123383Z main INFO Stopping configuration org.apache.logging.log4j.core.config.DefaultConfiguration@5c30a9b0...
2024-11-08T11:11:56.124379900Z main INFO Configuration org.apache.logging.log4j.core.config.DefaultConfiguration@5c30a9b0 stopped.
2024-11-08 16:42:01 INFO  AccountRegistrationTest:15 - ** Starting Exection of AccountRegistration Test **
2024-11-08 16:42:01 INFO  AccountRegistrationTest:20 - ** Navigating to Account Registration Page **
2024-11-08 16:42:02 INFO  AccountRegistrationTest:24 - ** Providing Customer Details **
2024-11-08 16:42:02 INFO  AccountRegistrationTest:29 - ** Password Setup **
2024-11-08 16:42:04 INFO  AccountRegistrationTest:36 - ** Account Registration Complete **
2024-11-08 16:42:04 INFO  AccountRegistrationTest:37 - ** Registration Confirmation Message Check **
2024-11-08 16:42:05 INFO  AccountRegistrationTest:40 - ** After Registration continue to Login Page **
2024-11-08 16:42:05 INFO  AccountRegistrationTest:56 - ** Completed Execution of AccountRegistration Test **
]]></system-out>
    <system-err><![CDATA[Nov 08, 2024 4:41:58 PM org.openqa.selenium.devtools.CdpVersionFinder findNearestMatch
WARNING: Unable to find an exact match for CDP version 130, returning the closest version; found: 129; Please update to a Selenium version that supports CDP version 130
]]></system-err>
  </testcase>
  <testcase name="verify_LoginTest" classname="testCases.LoginTest" time="2.255">
    <system-out><![CDATA[2024-11-08 16:42:10 INFO  LoginTest:16 - ** Starting Execution of Login Test **
2024-11-08 16:42:10 INFO  LoginTest:20 - ** Navigating to Login Page **
2024-11-08 16:42:11 INFO  LoginTest:24 - ** Provide Login Details **
2024-11-08 16:42:12 INFO  LoginTest:30 - ** Verifying Login Success **
2024-11-08 16:42:12 INFO  LoginTest:48 - ** Completed Execution of Login Test **
]]></system-out>
    <system-err><![CDATA[Nov 08, 2024 4:42:07 PM org.openqa.selenium.devtools.CdpVersionFinder findNearestMatch
WARNING: Unable to find an exact match for CDP version 130, returning the closest version; found: 129; Please update to a Selenium version that supports CDP version 130
]]></system-err>
  </testcase>
  <testcase name="verify_LinkTxtElements_AccountPage" classname="testCases.AccountPg_HeaderAndLink_TxtTest" time="0.71">
    <system-out><![CDATA[2024-11-08 16:42:17 INFO  AccountPg_HeaderAndLink_TxtTest:17 - ** Login to Web Application **
2024-11-08 16:42:18 INFO  AccountPg_HeaderAndLink_TxtTest:26 - ** Provide Login Details **
2024-11-08 16:42:20 INFO  AccountPg_HeaderAndLink_TxtTest:35 - ** Verifying Login Success **
2024-11-08 16:42:20 INFO  AccountPg_HeaderAndLink_TxtTest:54 - ** Login successful **
2024-11-08 16:42:20 INFO  AccountPg_HeaderAndLink_TxtTest:19 - ** Starting Execution of Account Page Header & Link_Text Elements Test **
2024-11-08 16:42:20 INFO  AccountPg_HeaderAndLink_TxtTest:35 - ** Verify Text-My Account Is Present **
2024-11-08 16:42:20 INFO  AccountPg_HeaderAndLink_TxtTest:37 - ** Verify Text-My Orders Is Present **
2024-11-08 16:42:20 INFO  AccountPg_HeaderAndLink_TxtTest:39 - ** Verify Text-My Affiliate Account Is Present **
2024-11-08 16:42:20 INFO  AccountPg_HeaderAndLink_TxtTest:41 - ** Verify Text-Newsletter Is Present **
2024-11-08 16:42:20 INFO  AccountPg_HeaderAndLink_TxtTest:44 - ***** Verifying Link Texts Under Header-My Account ****
2024-11-08 16:42:20 INFO  AccountPg_HeaderAndLink_TxtTest:45 - ** Verify Text-Edit your account information Is Present **
2024-11-08 16:42:20 INFO  AccountPg_HeaderAndLink_TxtTest:47 - ** Verify Text-Change your password Is Present **
2024-11-08 16:42:20 INFO  AccountPg_HeaderAndLink_TxtTest:49 - ** Verify Text-Modify your address book entries Is Present **
2024-11-08 16:42:20 INFO  AccountPg_HeaderAndLink_TxtTest:51 - ** Verify Text-Modify your wish list Is Present **
2024-11-08 16:42:20 INFO  AccountPg_HeaderAndLink_TxtTest:54 - ***** Verifying Link Texts Under Header-My Orders *****
2024-11-08 16:42:20 INFO  AccountPg_HeaderAndLink_TxtTest:55 - ** Verify Text-View your order history Is Present **
2024-11-08 16:42:20 INFO  AccountPg_HeaderAndLink_TxtTest:57 - ** Verify Text-Downloads Is Present **
2024-11-08 16:42:20 INFO  AccountPg_HeaderAndLink_TxtTest:59 - ** Verify Text-Your Reward Points Is Present **
2024-11-08 16:42:20 INFO  AccountPg_HeaderAndLink_TxtTest:61 - ** Verify Text-View your return requests Is Present **
2024-11-08 16:42:20 INFO  AccountPg_HeaderAndLink_TxtTest:63 - ** Verify Text-Your Transactions Is Present **
2024-11-08 16:42:20 INFO  AccountPg_HeaderAndLink_TxtTest:65 - ** Verify Text-Recurring payments Is Present **
2024-11-08 16:42:20 INFO  AccountPg_HeaderAndLink_TxtTest:68 - ***** Verifying Link Texts Under Header-My Affiliate Account *****
2024-11-08 16:42:20 INFO  AccountPg_HeaderAndLink_TxtTest:69 - ** Verify Text-Register for an affiliate account Is Present **
2024-11-08 16:42:20 INFO  AccountPg_HeaderAndLink_TxtTest:72 - ****** Verifying Link Texts Under Header-Newsletter ******
2024-11-08 16:42:20 INFO  AccountPg_HeaderAndLink_TxtTest:73 - ** Verify Text-Subscribe/Unsubscribe to newsletter Is Present **
2024-11-08 16:42:20 INFO  AccountPg_HeaderAndLink_TxtTest:77 - ** Completed Execution of Account Page Header & Link_Text Elements Test **
]]></system-out>
    <system-err><![CDATA[Nov 08, 2024 4:42:15 PM org.openqa.selenium.devtools.CdpVersionFinder findNearestMatch
WARNING: Unable to find an exact match for CDP version 130, returning the closest version; found: 129; Please update to a Selenium version that supports CDP version 130
]]></system-err>
  </testcase>
  <testcase name="verify_Search" classname="testCases.SearchTest" time="2.936">
    <system-out><![CDATA[2024-11-08 16:42:25 INFO  SearchTest:17 - ** Starting Execution Of Search Test **
2024-11-08 16:42:25 INFO  SearchTest:22 - ** From The Home Page **
2024-11-08 16:42:26 INFO  SearchTest:24 - ** Enter Search Text **
2024-11-08 16:42:26 INFO  SearchTest:26 - ** Click On Search Icon **
2024-11-08 16:42:26 INFO  SearchTest:29 - ** Navigating To Search Page **
2024-11-08 16:42:27 INFO  SearchTest:32 - ** Verify Search Value Displayed **
2024-11-08 16:42:27 INFO  SearchTest:34 - ** Verify Search Value Results **
2024-11-08 16:42:27 INFO  SearchTest:36 - ** Verify Products meeting the search criteria are displayed **
2024-11-08 16:42:27 INFO  SearchTest:38 - ** Verify Navigation to Product Page **
2024-11-08 16:42:28 INFO  SearchTest:41 - ** Completed Execution of Search Test**
]]></system-out>
    <system-err><![CDATA[Nov 08, 2024 4:42:23 PM org.openqa.selenium.devtools.CdpVersionFinder findNearestMatch
WARNING: Unable to find an exact match for CDP version 130, returning the closest version; found: 129; Please update to a Selenium version that supports CDP version 130
]]></system-err>
  </testcase>
  <testcase name="verify_Search_changeCategory" classname="testCases.SearchTest" time="2.041">
    <system-out><![CDATA[2024-11-08 16:42:28 INFO  SearchTest:47 - ** Starting Execution Of Search_ChangeCategory Test **
2024-11-08 16:42:28 INFO  SearchTest:52 - ** Enter Search Text **
2024-11-08 16:42:29 INFO  SearchTest:54 - ** Click On Search Icon **
2024-11-08 16:42:29 INFO  SearchTest:57 - ** Navigating To Search Page **
2024-11-08 16:42:29 INFO  SearchTest:62 - ** Select Category **
2024-11-08 16:42:30 INFO  SearchTest:69 - ** Verify Products meeting the search criteria are displayed **
2024-11-08 16:42:30 INFO  SearchTest:74 - ** Completed Execution Of Search_ChangeCategory Test **
]]></system-out>
  </testcase>
  <testcase name="verify_Searchfilter_SortBy_Show" classname="testCases.SearchTest" time="1.691">
    <system-out><![CDATA[2024-11-08 16:42:30 INFO  SearchTest:81 - ** Starting Execution Of Search With Filter Test **
2024-11-08 16:42:30 INFO  SearchTest:83 - ** Navigating To Search Page **
2024-11-08 16:42:31 INFO  SearchTest:85 - ** Select Sortby Value **
2024-11-08 16:42:31 INFO  SearchTest:87 - ** Verify Sortby Value Selected **
2024-11-08 16:42:31 INFO  SearchTest:90 - ** Select Show Dropdown Value **
2024-11-08 16:42:32 INFO  SearchTest:94 - ** Verify Show Dropdown Value **
2024-11-08 16:42:32 INFO  SearchTest:97 - ** Completed Execution Of Search With Filter Test **
]]></system-out>
  </testcase>
  <testcase name="verify_Search_EmptyString" classname="testCases.InvalidString_SearchTest" time="1.169">
    <system-out><![CDATA[2024-11-08 16:42:37 INFO  InvalidString_SearchTest:49 - ** Starting Execution of Search with Empty String Test **
2024-11-08 16:42:37 INFO  InvalidString_SearchTest:54 - ** From The Home Page **
2024-11-08 16:42:37 INFO  InvalidString_SearchTest:56 - ** Enter Search text **
2024-11-08 16:42:38 INFO  InvalidString_SearchTest:58 - ** Click on Search icon **
2024-11-08 16:42:38 INFO  InvalidString_SearchTest:61 - ** Navigating to Search Page **
2024-11-08 16:42:38 INFO  InvalidString_SearchTest:64 - ** Verify Search value displayed **
2024-11-08 16:42:38 INFO  InvalidString_SearchTest:69 - ** Verify Search value results  with Empty Search String **
2024-11-08 16:42:38 INFO  InvalidString_SearchTest:72 - ** Verify Text - No Product Match is displayed **
2024-11-08 16:42:38 INFO  InvalidString_SearchTest:75 - ** Completed Execution of Search with Empty String Test**
]]></system-out>
    <system-err><![CDATA[Nov 08, 2024 4:42:35 PM org.openqa.selenium.devtools.CdpVersionFinder findNearestMatch
WARNING: Unable to find an exact match for CDP version 130, returning the closest version; found: 129; Please update to a Selenium version that supports CDP version 130
]]></system-err>
  </testcase>
  <testcase name="verify_Search_InvalidString" classname="testCases.InvalidString_SearchTest" time="1.208">
    <system-out><![CDATA[2024-11-08 16:42:38 INFO  InvalidString_SearchTest:18 - ** Starting Execution of Search with Invalid String Test **
2024-11-08 16:42:38 INFO  InvalidString_SearchTest:23 - ** From The Home Page **
2024-11-08 16:42:38 INFO  InvalidString_SearchTest:25 - ** Enter Search text **
2024-11-08 16:42:39 INFO  InvalidString_SearchTest:27 - ** Click on Search icon **
2024-11-08 16:42:39 INFO  InvalidString_SearchTest:30 - ** Navigating to Search Page **
2024-11-08 16:42:40 INFO  InvalidString_SearchTest:33 - ** Verify Search value displayed **
2024-11-08 16:42:40 INFO  InvalidString_SearchTest:37 - ** Verify Search value results  with Invalid Search String **
2024-11-08 16:42:40 INFO  InvalidString_SearchTest:40 - ** Verify Text - No Product Match is displayed **
2024-11-08 16:42:40 INFO  InvalidString_SearchTest:43 - ** Completed Execution of Search with Invalid String Test**
]]></system-out>
  </testcase>
</testsuite>