<?xml version="1.0" encoding="UTF-8"?>
<!-- Generated by org.testng.reporters.JUnitReportReporter -->
<testsuite hostname="Namitha-GK-PC" failures="0" tests="3" name="testCases.SearchTest" time="7.450" errors="0" timestamp="2024-11-08T15:35:36 IST" skipped="0">
  <testcase classname="testCases.SearchTest" name="verify_Search" time="3.637"/>
  <system-out/>
  <testcase classname="testCases.SearchTest" name="verify_Search_changeCategory" time="2.121"/>
  <system-out/>
  <testcase classname="testCases.SearchTest" name="verify_Searchfilter_SortBy_Show" time="1.692"/>
  <system-out/>
</testsuite> <!-- testCases.SearchTest -->
