<?xml version="1.0" encoding="UTF-8"?>
<!-- Generated by org.testng.reporters.JUnitReportReporter -->
<testsuite hostname="Namitha-GK-PC" failures="0" tests="1" name="testCases.AccountPage_HeaderTxtTest" time="3.429" errors="0" timestamp="2024-10-29T19:11:55 IST" skipped="0">
  <testcase classname="testCases.AccountPage_HeaderTxtTest" name="verify_HeaderTxtElements_AccountPage" time="3.429"/>
  <system-out/>
</testsuite> <!-- testCases.AccountPage_HeaderTxtTest -->
