<?xml version="1.0" encoding="UTF-8"?>
<!-- Generated by org.testng.reporters.JUnitReportReporter -->
<testsuite hostname="Namitha-GK-PC" failures="0" tests="1" name="testCases.AccountPg_LinkTxtTest" time="4.543" errors="0" timestamp="2024-10-29T19:18:07 IST" skipped="0">
  <testcase classname="testCases.AccountPg_LinkTxtTest" name="verify_LinkTxtElements_AccountPage" time="4.543"/>
  <system-out/>
</testsuite> <!-- testCases.AccountPg_LinkTxtTest -->
