<?xml version="1.0" encoding="UTF-8"?>
<!-- Generated by org.testng.reporters.JUnitReportReporter -->
<testsuite hostname="Namitha-GK-PC" failures="0" tests="2" name="testingreturns" time="4.856" errors="0" timestamp="2024-10-29T17:31:59 IST" skipped="0">
  <testcase classname="testingreturns" name="checktxt_MyAccPresent" time="2.721"/>
  <system-out/>
  <testcase classname="testingreturns" name="verify_links_MyAccountPg" time="2.135"/>
  <system-out/>
</testsuite> <!-- testingreturns -->
