<?xml version="1.0" encoding="UTF-8"?>
<!-- Generated by org.testng.reporters.JUnitReportReporter -->
<testsuite hostname="Namitha-GK-PC" failures="0" tests="1" name="testCases.EmptyString_SearchTest" time="2.023" errors="0" timestamp="2024-11-05T15:53:10 IST" skipped="0">
  <testcase classname="testCases.EmptyString_SearchTest" name="verify_Search_EmptyString" time="2.023"/>
  <system-out/>
</testsuite> <!-- testCases.EmptyString_SearchTest -->
