<?xml version="1.0" encoding="UTF-8"?>
<!-- Generated by org.testng.reporters.JUnitReportReporter -->
<testsuite hostname="Namitha-GK-PC" failures="0" tests="1" name="testCases.AccountRegistration" time="3.561" errors="0" timestamp="2024-10-26T20:37:46 IST" skipped="0">
  <testcase classname="testCases.AccountRegistration" name="verify_AccountRegistration" time="3.561"/>
  <system-out/>
</testsuite> <!-- testCases.AccountRegistration -->
