<?xml version="1.0" encoding="UTF-8"?>
<!-- Generated by org.testng.reporters.JUnitReportReporter -->
<testsuite hostname="Namitha-GK-PC" failures="0" tests="2" name="testCases.InvalidString_SearchTest" time="2.076" errors="0" timestamp="2024-11-08T15:35:36 IST" skipped="0">
  <testcase classname="testCases.InvalidString_SearchTest" name="verify_Search_EmptyString" time="1.102"/>
  <system-out/>
  <testcase classname="testCases.InvalidString_SearchTest" name="verify_Search_InvalidString" time="0.974"/>
  <system-out/>
</testsuite> <!-- testCases.InvalidString_SearchTest -->
