<?xml version="1.0" encoding="UTF-8"?>
<!-- Generated by org.testng.reporters.JUnitReportReporter -->
<testsuite hostname="Namitha-GK-PC" failures="0" tests="1" name="testCases.AccountRegistrationTest" time="3.695" errors="0" timestamp="2024-11-08T15:35:36 IST" skipped="0">
  <testcase classname="testCases.AccountRegistrationTest" name="verify_AccountRegistration" time="3.695"/>
  <system-out/>
</testsuite> <!-- testCases.AccountRegistrationTest -->
