<?xml version="1.0" encoding="UTF-8"?>
<!-- Generated by org.testng.reporters.JUnitReportReporter -->
<testsuite hostname="Namitha-GK-PC" failures="0" tests="3" name="ProductSearch" time="12.485" errors="0" timestamp="2024-11-05T14:28:57 IST" skipped="0">
  <testcase classname="ProductSearch" name="check_ProductSearch" time="1.439"/>
  <system-out/>
  <testcase classname="ProductSearch" name="checktxt_MyAccPresent" time="2.818"/>
  <system-out/>
  <testcase classname="ProductSearch" name="check_ProductSearchAdvanced" time="8.228"/>
  <system-out/>
</testsuite> <!-- ProductSearch -->
