<?xml version="1.0" encoding="UTF-8"?>
<!-- Generated by org.testng.reporters.JUnitReportReporter -->
<testsuite hostname="Namitha-GK-PC" failures="0" tests="3" name="testCases.SearchTest" time="6.662" errors="0" timestamp="2024-11-08T16:42:42 IST" skipped="0">
  <testcase classname="testCases.SearchTest" name="verify_Search" time="2.936"/>
  <testcase classname="testCases.SearchTest" name="verify_Search_changeCategory" time="2.039"/>
  <testcase classname="testCases.SearchTest" name="verify_Searchfilter_SortBy_Show" time="1.687"/>
</testsuite> <!-- testCases.SearchTest -->
