<?xml version="1.0" encoding="UTF-8"?>
<!-- Generated by org.testng.reporters.JUnitReportReporter -->
<testsuite hostname="Namitha-GK-PC" failures="0" tests="2" name="testCases.InvalidString_SearchTest" time="2.367" errors="0" timestamp="2024-11-08T16:42:42 IST" skipped="0">
  <testcase classname="testCases.InvalidString_SearchTest" name="verify_Search_EmptyString" time="1.167"/>
  <testcase classname="testCases.InvalidString_SearchTest" name="verify_Search_InvalidString" time="1.200"/>
</testsuite> <!-- testCases.InvalidString_SearchTest -->
