<?xml version="1.0" encoding="UTF-8"?>
<!-- Generated by org.testng.reporters.JUnitReportReporter -->
<testsuite hostname="Namitha-GK-PC" failures="0" tests="1" name="testCases.AccountRegistrationTest" time="4.007" errors="0" timestamp="2024-11-08T16:42:42 IST" skipped="0">
  <testcase classname="testCases.AccountRegistrationTest" name="verify_AccountRegistration" time="4.007"/>
</testsuite> <!-- testCases.AccountRegistrationTest -->
