<?xml version="1.0" encoding="UTF-8"?>
<!-- Generated by org.testng.reporters.JUnitReportReporter -->
<testsuite hostname="Namitha-GK-PC" failures="0" tests="1" name="testCases.AccountPg_HeaderAndLink_TxtTest" time="0.697" errors="0" timestamp="2024-11-08T16:42:42 IST" skipped="0">
  <testcase classname="testCases.AccountPg_HeaderAndLink_TxtTest" name="verify_LinkTxtElements_AccountPage" time="0.697"/>
</testsuite> <!-- testCases.AccountPg_HeaderAndLink_TxtTest -->
